-------------------------------------------------------------------------------
Test set: CalcTest
-------------------------------------------------------------------------------
Tests run: 1, Failures: 1, Errors: 0, Skipped: 0, Time elapsed: 0.065 s <<< FAILURE! - in CalcTest
addTwoNumbers_2(CalcTest)  Time elapsed: 0.009 s  <<< FAILURE!
java.lang.AssertionError
	at CalcTest.addTwoNumbers_2(CalcTest.java:17)

